
*** Running vivado
    with args -log clk_wiz_0.vds -m64 -product Vivado -mode batch -messageDb vivado.pb -notrace -source clk_wiz_0.tcl



****** Vivado v2023.2 (64-bit)
  **** SW Build 4029153 on Fri Oct 13 20:14:34 MDT 2023
  **** IP Build 4028589 on Sat Oct 14 00:45:43 MDT 2023
  **** SharedData Build 4025554 on Tue Oct 10 17:18:54 MDT 2023
    ** Copyright 1986-2022 Xilinx, Inc. All Rights Reserved.
    ** Copyright 2022-2023 Advanced Micro Devices, Inc. All Rights Reserved.

source clk_wiz_0.tcl -notrace
INFO: [IP_Flow 19-234] Refreshing IP repositories
WARNING: [IP_Flow 19-2248] Failed to load user IP repository 'c:/Users/danie/Documents/GitHub/Dropbox/PC/Downloads/Genesys2VideoDemo_R1/Genesys2VideoDemo_R1/hdl'; Can't find the specified path.
If this directory should no longer be in your list of user repositories, go to the IP Settings dialog and remove it.
INFO: [IP_Flow 19-2313] Loaded Vivado IP repository 'C:/Xilinx/Vivado/2023.2/data/ip'.
WARNING: [IP_Flow 19-4995] The host OS only allows 260 characters in a normal path. The IP cache path is more than 80 characters. If you experience issues with IP caching, please consider changing the IP cache to a location with a shorter path. Alternately consider using the OS subst command to map part of the path to a drive letter. 
Current IP cache path is c:/Users/danie/Documents/GitHub/FPGAs UBB/FPGA-UBB-project/FPGA-Vivado-Project/Genesys2_VideoDemoR1/Genesys2_VideoDemoR1.cache/ip 
INFO: [IP_Flow 19-6924] IPCACHE: Running cache check for IP inst: clk_wiz_0
Command: synth_design -top clk_wiz_0 -part xc7k325tffg900-2 -incremental_mode off -mode out_of_context
Starting synth_design
Attempting to get a license for feature 'Synthesis' and/or device 'xc7k325t'
INFO: [Common 17-349] Got license for feature 'Synthesis' and/or device 'xc7k325t'
INFO: [Common 17-1540] The version limit for your license is '2023.10' and has expired for new software. A version limit expiration means that, although you may be able to continue to use the current version of tools or IP with this license, you will not be eligible for new releases.
INFO: [Device 21-403] Loading part xc7k325tffg900-2
INFO: [Synth 8-7079] Multithreading enabled for synth_design using a maximum of 2 processes.
INFO: [Synth 8-7078] Launching helper process for spawning children vivado processes
INFO: [Synth 8-7075] Helper process launched with PID 24076
---------------------------------------------------------------------------------
Starting RTL Elaboration : Time (s): cpu = 00:00:01 ; elapsed = 00:00:04 . Memory (MB): peak = 1459.031 ; gain = 440.191
---------------------------------------------------------------------------------
INFO: [Synth 8-6157] synthesizing module 'clk_wiz_0' [c:/Users/danie/Documents/GitHub/FPGAs UBB/FPGA-UBB-project/FPGA-Vivado-Project/Genesys2_VideoDemoR1/Genesys2_VideoDemoR1.gen/sources_1/ip/clk_wiz_0_1/clk_wiz_0.v:69]
INFO: [Synth 8-6157] synthesizing module 'clk_wiz_0_clk_wiz' [c:/Users/danie/Documents/GitHub/FPGAs UBB/FPGA-UBB-project/FPGA-Vivado-Project/Genesys2_VideoDemoR1/Genesys2_VideoDemoR1.gen/sources_1/ip/clk_wiz_0_1/clk_wiz_0_clk_wiz.v:69]
INFO: [Synth 8-6157] synthesizing module 'IBUFDS' [C:/Xilinx/Vivado/2023.2/scripts/rt/data/unisim_comp.v:73646]
INFO: [Synth 8-6155] done synthesizing module 'IBUFDS' (0#1) [C:/Xilinx/Vivado/2023.2/scripts/rt/data/unisim_comp.v:73646]
INFO: [Synth 8-6157] synthesizing module 'PLLE2_ADV' [C:/Xilinx/Vivado/2023.2/scripts/rt/data/unisim_comp.v:111351]
	Parameter BANDWIDTH bound to: OPTIMIZED - type: string 
	Parameter CLKFBOUT_MULT bound to: 6 - type: integer 
	Parameter CLKFBOUT_PHASE bound to: 0.000000 - type: double 
	Parameter CLKIN1_PERIOD bound to: 5.000000 - type: double 
	Parameter CLKOUT0_DIVIDE bound to: 6 - type: integer 
	Parameter CLKOUT0_DUTY_CYCLE bound to: 0.500000 - type: double 
	Parameter CLKOUT0_PHASE bound to: 0.000000 - type: double 
	Parameter CLKOUT1_DIVIDE bound to: 3 - type: integer 
	Parameter CLKOUT1_DUTY_CYCLE bound to: 0.500000 - type: double 
	Parameter CLKOUT1_PHASE bound to: 0.000000 - type: double 
	Parameter CLKOUT2_DIVIDE bound to: 6 - type: integer 
	Parameter CLKOUT2_DUTY_CYCLE bound to: 0.500000 - type: double 
	Parameter CLKOUT2_PHASE bound to: 180.000000 - type: double 
	Parameter CLKOUT3_DIVIDE bound to: 12 - type: integer 
	Parameter CLKOUT3_DUTY_CYCLE bound to: 0.500000 - type: double 
	Parameter CLKOUT3_PHASE bound to: 0.000000 - type: double 
	Parameter CLKOUT4_DIVIDE bound to: 48 - type: integer 
	Parameter CLKOUT4_DUTY_CYCLE bound to: 0.500000 - type: double 
	Parameter CLKOUT4_PHASE bound to: 0.000000 - type: double 
	Parameter COMPENSATION bound to: ZHOLD - type: string 
	Parameter DIVCLK_DIVIDE bound to: 1 - type: integer 
	Parameter STARTUP_WAIT bound to: FALSE - type: string 
INFO: [Synth 8-6155] done synthesizing module 'PLLE2_ADV' (0#1) [C:/Xilinx/Vivado/2023.2/scripts/rt/data/unisim_comp.v:111351]
INFO: [Synth 8-6157] synthesizing module 'BUFG' [C:/Xilinx/Vivado/2023.2/scripts/rt/data/unisim_comp.v:1951]
INFO: [Synth 8-6155] done synthesizing module 'BUFG' (0#1) [C:/Xilinx/Vivado/2023.2/scripts/rt/data/unisim_comp.v:1951]
INFO: [Synth 8-6155] done synthesizing module 'clk_wiz_0_clk_wiz' (0#1) [c:/Users/danie/Documents/GitHub/FPGAs UBB/FPGA-UBB-project/FPGA-Vivado-Project/Genesys2_VideoDemoR1/Genesys2_VideoDemoR1.gen/sources_1/ip/clk_wiz_0_1/clk_wiz_0_clk_wiz.v:69]
INFO: [Synth 8-6155] done synthesizing module 'clk_wiz_0' (0#1) [c:/Users/danie/Documents/GitHub/FPGAs UBB/FPGA-UBB-project/FPGA-Vivado-Project/Genesys2_VideoDemoR1/Genesys2_VideoDemoR1.gen/sources_1/ip/clk_wiz_0_1/clk_wiz_0.v:69]
---------------------------------------------------------------------------------
Finished RTL Elaboration : Time (s): cpu = 00:00:01 ; elapsed = 00:00:05 . Memory (MB): peak = 1568.703 ; gain = 549.863
---------------------------------------------------------------------------------
---------------------------------------------------------------------------------
Start Handling Custom Attributes
---------------------------------------------------------------------------------
---------------------------------------------------------------------------------
Finished Handling Custom Attributes : Time (s): cpu = 00:00:01 ; elapsed = 00:00:05 . Memory (MB): peak = 1568.703 ; gain = 549.863
---------------------------------------------------------------------------------
---------------------------------------------------------------------------------
Finished RTL Optimization Phase 1 : Time (s): cpu = 00:00:01 ; elapsed = 00:00:05 . Memory (MB): peak = 1568.703 ; gain = 549.863
---------------------------------------------------------------------------------
Netlist sorting complete. Time (s): cpu = 00:00:00 ; elapsed = 00:00:00 . Memory (MB): peak = 1568.703 ; gain = 0.000
INFO: [Netlist 29-17] Analyzing 2 Unisim elements for replacement
INFO: [Netlist 29-28] Unisim Transformation completed in 0 CPU seconds
INFO: [Project 1-570] Preparing netlist for logic optimization

Processing XDC Constraints
Initializing timing engine
Parsing XDC File [c:/Users/danie/Documents/GitHub/FPGAs UBB/FPGA-UBB-project/FPGA-Vivado-Project/Genesys2_VideoDemoR1/Genesys2_VideoDemoR1.gen/sources_1/ip/clk_wiz_0_1/clk_wiz_0_ooc.xdc] for cell 'inst'
Finished Parsing XDC File [c:/Users/danie/Documents/GitHub/FPGAs UBB/FPGA-UBB-project/FPGA-Vivado-Project/Genesys2_VideoDemoR1/Genesys2_VideoDemoR1.gen/sources_1/ip/clk_wiz_0_1/clk_wiz_0_ooc.xdc] for cell 'inst'
Parsing XDC File [c:/Users/danie/Documents/GitHub/FPGAs UBB/FPGA-UBB-project/FPGA-Vivado-Project/Genesys2_VideoDemoR1/Genesys2_VideoDemoR1.gen/sources_1/ip/clk_wiz_0_1/clk_wiz_0_board.xdc] for cell 'inst'
Finished Parsing XDC File [c:/Users/danie/Documents/GitHub/FPGAs UBB/FPGA-UBB-project/FPGA-Vivado-Project/Genesys2_VideoDemoR1/Genesys2_VideoDemoR1.gen/sources_1/ip/clk_wiz_0_1/clk_wiz_0_board.xdc] for cell 'inst'
Parsing XDC File [c:/Users/danie/Documents/GitHub/FPGAs UBB/FPGA-UBB-project/FPGA-Vivado-Project/Genesys2_VideoDemoR1/Genesys2_VideoDemoR1.gen/sources_1/ip/clk_wiz_0_1/clk_wiz_0.xdc] for cell 'inst'
Finished Parsing XDC File [c:/Users/danie/Documents/GitHub/FPGAs UBB/FPGA-UBB-project/FPGA-Vivado-Project/Genesys2_VideoDemoR1/Genesys2_VideoDemoR1.gen/sources_1/ip/clk_wiz_0_1/clk_wiz_0.xdc] for cell 'inst'
INFO: [Project 1-236] Implementation specific constraints were found while reading constraint file [c:/Users/danie/Documents/GitHub/FPGAs UBB/FPGA-UBB-project/FPGA-Vivado-Project/Genesys2_VideoDemoR1/Genesys2_VideoDemoR1.gen/sources_1/ip/clk_wiz_0_1/clk_wiz_0.xdc]. These constraints will be ignored for synthesis but will be used in implementation. Impacted constraints are listed in the file [.Xil/clk_wiz_0_propImpl.xdc].
Resolution: To avoid this warning, move constraints listed in [.Xil/clk_wiz_0_propImpl.xdc] to another XDC file and exclude this new file from synthesis with the used_in_synthesis property (File Properties dialog in GUI) and re-run elaboration/synthesis.
INFO: [Timing 38-2] Deriving generated clocks
Parsing XDC File [C:/Users/danie/Documents/GitHub/FPGAs UBB/FPGA-UBB-project/FPGA-Vivado-Project/Genesys2_VideoDemoR1/Genesys2_VideoDemoR1.runs/clk_wiz_0_synth_1/dont_touch.xdc]
Finished Parsing XDC File [C:/Users/danie/Documents/GitHub/FPGAs UBB/FPGA-UBB-project/FPGA-Vivado-Project/Genesys2_VideoDemoR1/Genesys2_VideoDemoR1.runs/clk_wiz_0_synth_1/dont_touch.xdc]
Completed Processing XDC Constraints

Netlist sorting complete. Time (s): cpu = 00:00:00 ; elapsed = 00:00:00 . Memory (MB): peak = 1579.996 ; gain = 0.000
INFO: [Project 1-111] Unisim Transformation Summary:
No Unisim elements were transformed.

The system cannot find the path specified.
Constraint Validation Runtime : Time (s): cpu = 00:00:00 ; elapsed = 00:00:00.032 . Memory (MB): peak = 1580.367 ; gain = 0.371
INFO: [Designutils 20-5008] Incremental synthesis strategy off
---------------------------------------------------------------------------------
Finished Constraint Validation : Time (s): cpu = 00:00:05 ; elapsed = 00:00:12 . Memory (MB): peak = 1580.367 ; gain = 561.527
---------------------------------------------------------------------------------
---------------------------------------------------------------------------------
Start Loading Part and Timing Information
---------------------------------------------------------------------------------
Loading part: xc7k325tffg900-2
---------------------------------------------------------------------------------
Finished Loading Part and Timing Information : Time (s): cpu = 00:00:05 ; elapsed = 00:00:12 . Memory (MB): peak = 1580.367 ; gain = 561.527
---------------------------------------------------------------------------------
---------------------------------------------------------------------------------
Start Applying 'set_property' XDC Constraints
---------------------------------------------------------------------------------
Applied set_property KEEP_HIERARCHY = SOFT for inst. (constraint file  {C:/Users/danie/Documents/GitHub/FPGAs UBB/FPGA-UBB-project/FPGA-Vivado-Project/Genesys2_VideoDemoR1/Genesys2_VideoDemoR1.runs/clk_wiz_0_synth_1/dont_touch.xdc}, line 9).
---------------------------------------------------------------------------------
Finished applying 'set_property' XDC Constraints : Time (s): cpu = 00:00:05 ; elapsed = 00:00:12 . Memory (MB): peak = 1580.367 ; gain = 561.527
---------------------------------------------------------------------------------
---------------------------------------------------------------------------------
Finished RTL Optimization Phase 2 : Time (s): cpu = 00:00:05 ; elapsed = 00:00:12 . Memory (MB): peak = 1580.367 ; gain = 561.527
---------------------------------------------------------------------------------
---------------------------------------------------------------------------------
Start RTL Component Statistics 
---------------------------------------------------------------------------------
Detailed RTL Component Info : 
---------------------------------------------------------------------------------
Finished RTL Component Statistics 
---------------------------------------------------------------------------------
---------------------------------------------------------------------------------
Start Part Resource Summary
---------------------------------------------------------------------------------
Part Resources:
DSPs: 840 (col length:140)
BRAMs: 890 (col length: RAMB18 140 RAMB36 70)
---------------------------------------------------------------------------------
Finished Part Resource Summary
---------------------------------------------------------------------------------
---------------------------------------------------------------------------------
Start Cross Boundary and Area Optimization
---------------------------------------------------------------------------------
WARNING: [Synth 8-7080] Parallel synthesis criteria is not met
---------------------------------------------------------------------------------
Finished Cross Boundary and Area Optimization : Time (s): cpu = 00:00:06 ; elapsed = 00:00:13 . Memory (MB): peak = 1580.367 ; gain = 561.527
---------------------------------------------------------------------------------
---------------------------------------------------------------------------------
Start Applying XDC Timing Constraints
---------------------------------------------------------------------------------
---------------------------------------------------------------------------------
Finished Applying XDC Timing Constraints : Time (s): cpu = 00:00:07 ; elapsed = 00:00:17 . Memory (MB): peak = 1580.367 ; gain = 561.527
---------------------------------------------------------------------------------
---------------------------------------------------------------------------------
Start Timing Optimization
---------------------------------------------------------------------------------
---------------------------------------------------------------------------------
Finished Timing Optimization : Time (s): cpu = 00:00:07 ; elapsed = 00:00:17 . Memory (MB): peak = 1580.367 ; gain = 561.527
---------------------------------------------------------------------------------
---------------------------------------------------------------------------------
Start Technology Mapping
---------------------------------------------------------------------------------
---------------------------------------------------------------------------------
Finished Technology Mapping : Time (s): cpu = 00:00:07 ; elapsed = 00:00:17 . Memory (MB): peak = 1580.367 ; gain = 561.527
---------------------------------------------------------------------------------
---------------------------------------------------------------------------------
Start IO Insertion
---------------------------------------------------------------------------------
---------------------------------------------------------------------------------
Start Flattening Before IO Insertion
---------------------------------------------------------------------------------
---------------------------------------------------------------------------------
Finished Flattening Before IO Insertion
---------------------------------------------------------------------------------
---------------------------------------------------------------------------------
Start Final Netlist Cleanup
---------------------------------------------------------------------------------
---------------------------------------------------------------------------------
Finished Final Netlist Cleanup
---------------------------------------------------------------------------------
---------------------------------------------------------------------------------
Finished IO Insertion : Time (s): cpu = 00:00:08 ; elapsed = 00:00:21 . Memory (MB): peak = 1580.367 ; gain = 561.527
---------------------------------------------------------------------------------
---------------------------------------------------------------------------------
Start Renaming Generated Instances
---------------------------------------------------------------------------------
---------------------------------------------------------------------------------
Finished Renaming Generated Instances : Time (s): cpu = 00:00:08 ; elapsed = 00:00:21 . Memory (MB): peak = 1580.367 ; gain = 561.527
---------------------------------------------------------------------------------
---------------------------------------------------------------------------------
Start Rebuilding User Hierarchy
---------------------------------------------------------------------------------
---------------------------------------------------------------------------------
Finished Rebuilding User Hierarchy : Time (s): cpu = 00:00:08 ; elapsed = 00:00:21 . Memory (MB): peak = 1580.367 ; gain = 561.527
---------------------------------------------------------------------------------
---------------------------------------------------------------------------------
Start Renaming Generated Ports
---------------------------------------------------------------------------------
---------------------------------------------------------------------------------
Finished Renaming Generated Ports : Time (s): cpu = 00:00:08 ; elapsed = 00:00:21 . Memory (MB): peak = 1580.367 ; gain = 561.527
---------------------------------------------------------------------------------
---------------------------------------------------------------------------------
Start Handling Custom Attributes
---------------------------------------------------------------------------------
---------------------------------------------------------------------------------
Finished Handling Custom Attributes : Time (s): cpu = 00:00:08 ; elapsed = 00:00:21 . Memory (MB): peak = 1580.367 ; gain = 561.527
---------------------------------------------------------------------------------
---------------------------------------------------------------------------------
Start Renaming Generated Nets
---------------------------------------------------------------------------------
---------------------------------------------------------------------------------
Finished Renaming Generated Nets : Time (s): cpu = 00:00:08 ; elapsed = 00:00:21 . Memory (MB): peak = 1580.367 ; gain = 561.527
---------------------------------------------------------------------------------
---------------------------------------------------------------------------------
Start Writing Synthesis Report
---------------------------------------------------------------------------------

Report BlackBoxes: 
+-+--------------+----------+
| |BlackBox name |Instances |
+-+--------------+----------+
+-+--------------+----------+

Report Cell Usage: 
+------+----------+------+
|      |Cell      |Count |
+------+----------+------+
|1     |BUFG      |     6|
|2     |PLLE2_ADV |     1|
|3     |IBUFDS    |     1|
+------+----------+------+
---------------------------------------------------------------------------------
Finished Writing Synthesis Report : Time (s): cpu = 00:00:08 ; elapsed = 00:00:21 . Memory (MB): peak = 1580.367 ; gain = 561.527
---------------------------------------------------------------------------------
Synthesis finished with 0 errors, 0 critical warnings and 1 warnings.
Synthesis Optimization Runtime : Time (s): cpu = 00:00:06 ; elapsed = 00:00:19 . Memory (MB): peak = 1580.367 ; gain = 549.863
Synthesis Optimization Complete : Time (s): cpu = 00:00:08 ; elapsed = 00:00:21 . Memory (MB): peak = 1580.367 ; gain = 561.527
INFO: [Project 1-571] Translating synthesized netlist
Netlist sorting complete. Time (s): cpu = 00:00:00 ; elapsed = 00:00:00.001 . Memory (MB): peak = 1580.367 ; gain = 0.000
INFO: [Netlist 29-17] Analyzing 2 Unisim elements for replacement
INFO: [Netlist 29-28] Unisim Transformation completed in 0 CPU seconds
INFO: [Project 1-570] Preparing netlist for logic optimization
INFO: [Opt 31-138] Pushed 0 inverter(s) to 0 load pin(s).
Netlist sorting complete. Time (s): cpu = 00:00:00 ; elapsed = 00:00:00 . Memory (MB): peak = 1591.719 ; gain = 0.000
INFO: [Project 1-111] Unisim Transformation Summary:
No Unisim elements were transformed.

The system cannot find the path specified.
Synth Design complete | Checksum: 535afb6b
INFO: [Common 17-83] Releasing license: Synthesis
33 Infos, 3 Warnings, 0 Critical Warnings and 0 Errors encountered.
synth_design completed successfully
INFO: [Common 17-600] The following parameters have non-default value.
tcl.statsThreshold
Write ShapeDB Complete: Time (s): cpu = 00:00:00 ; elapsed = 00:00:00.001 . Memory (MB): peak = 1591.719 ; gain = 0.000
INFO: [Common 17-1381] The checkpoint 'C:/Users/danie/Documents/GitHub/FPGAs UBB/FPGA-UBB-project/FPGA-Vivado-Project/Genesys2_VideoDemoR1/Genesys2_VideoDemoR1.runs/clk_wiz_0_synth_1/clk_wiz_0.dcp' has been generated.
INFO: [Coretcl 2-1648] Added synthesis output to IP cache for IP clk_wiz_0, cache-ID = 3fde00a65b4ea7af
Write ShapeDB Complete: Time (s): cpu = 00:00:00 ; elapsed = 00:00:00 . Memory (MB): peak = 1591.719 ; gain = 0.000
INFO: [Common 17-1381] The checkpoint 'C:/Users/danie/Documents/GitHub/FPGAs UBB/FPGA-UBB-project/FPGA-Vivado-Project/Genesys2_VideoDemoR1/Genesys2_VideoDemoR1.runs/clk_wiz_0_synth_1/clk_wiz_0.dcp' has been generated.
INFO: [runtcl-4] Executing : report_utilization -file clk_wiz_0_utilization_synth.rpt -pb clk_wiz_0_utilization_synth.pb
INFO: [Common 17-206] Exiting Vivado at Sun Sep 22 23:35:04 2024...
