Copyright 1986-2022 Xilinx, Inc. All Rights Reserved. Copyright 2022-2023 Advanced Micro Devices, Inc. All Rights Reserved.
---------------------------------------------------------------------------------------------------------------------------------------------
| Tool Version : Vivado v.2023.2 (win64) Build 4029153 Fri Oct 13 20:14:34 MDT 2023
| Date         : Thu Jan 25 10:53:55 2024
| Host         : donaufeld running 64-bit major release  (build 9200)
| Command      : upgrade_ip
| Device       : xc7k325tffg900-2
---------------------------------------------------------------------------------------------------------------------------------------------

Upgrade Log for IP 'dpti_clock'

1. Summary
----------

SUCCESS in the upgrade of dpti_clock (xilinx.com:ip:clk_wiz:6.0) from (Rev. 12) to (Rev. 13)






Copyright 1986-2022 Xilinx, Inc. All Rights Reserved. Copyright 2022-2023 Advanced Micro Devices, Inc. All Rights Reserved.
---------------------------------------------------------------------------------------------------------------------------------------------
| Tool Version : Vivado v.2023.2 (win64) Build 4029153 Fri Oct 13 20:14:34 MDT 2023
| Date         : Thu Jan 25 10:53:52 2024
| Host         : donaufeld running 64-bit major release  (build 9200)
| Command      : upgrade_ip
| Device       : xc7k325tffg900-2
---------------------------------------------------------------------------------------------------------------------------------------------

Upgrade Log for IP 'clk_wiz_1'

1. Summary
----------

SUCCESS in the upgrade of clk_wiz_1 (xilinx.com:ip:clk_wiz:6.0) from (Rev. 12) to (Rev. 13)






Copyright 1986-2022 Xilinx, Inc. All Rights Reserved. Copyright 2022-2023 Advanced Micro Devices, Inc. All Rights Reserved.
---------------------------------------------------------------------------------------------------------------------------------------------
| Tool Version : Vivado v.2023.2 (win64) Build 4029153 Fri Oct 13 20:14:34 MDT 2023
| Date         : Thu Jan 25 10:53:50 2024
| Host         : donaufeld running 64-bit major release  (build 9200)
| Command      : upgrade_ip
| Device       : xc7k325tffg900-2
---------------------------------------------------------------------------------------------------------------------------------------------

Upgrade Log for IP 'clk_wiz_0'

1. Summary
----------

SUCCESS in the upgrade of clk_wiz_0 (xilinx.com:ip:clk_wiz:6.0) from (Rev. 12) to (Rev. 13)






Copyright 1986-2022 Xilinx, Inc. All Rights Reserved. Copyright 2022-2023 Advanced Micro Devices, Inc. All Rights Reserved.
---------------------------------------------------------------------------------------------------------------------------------------------
| Tool Version : Vivado v.2023.2 (win64) Build 4029153 Fri Oct 13 20:14:34 MDT 2023
| Date         : Thu Jan 25 10:53:18 2024
| Host         : donaufeld running 64-bit major release  (build 9200)
| Command      : upgrade_ip
| Device       : xc7k325tffg900-2
---------------------------------------------------------------------------------------------------------------------------------------------

Upgrade Log for IP 'MemTx_8x1024'

1. Summary
----------

SUCCESS in the upgrade of MemTx_8x1024 (xilinx.com:ip:blk_mem_gen:8.4) from (Rev. 6) to (Rev. 7)






Copyright 1986-2022 Xilinx, Inc. All Rights Reserved. Copyright 2022-2023 Advanced Micro Devices, Inc. All Rights Reserved.
---------------------------------------------------------------------------------------------------------------------------------------------
| Tool Version : Vivado v.2023.2 (win64) Build 4029153 Fri Oct 13 20:14:34 MDT 2023
| Date         : Thu Jan 25 10:53:14 2024
| Host         : donaufeld running 64-bit major release  (build 9200)
| Command      : upgrade_ip
| Device       : xc7k325tffg900-2
---------------------------------------------------------------------------------------------------------------------------------------------

Upgrade Log for IP 'DPRAM_W245_R32'

1. Summary
----------

SUCCESS in the upgrade of DPRAM_W245_R32 (xilinx.com:ip:blk_mem_gen:8.4) from (Rev. 6) to (Rev. 7)






Copyright 1986-2022 Xilinx, Inc. All Rights Reserved. Copyright 2022-2023 Advanced Micro Devices, Inc. All Rights Reserved.
---------------------------------------------------------------------------------------------------------------------------------------------
| Tool Version : Vivado v.2023.1 (win64) Build 3865809 Sun May  7 15:05:29 MDT 2023
| Date         : Tue Sep 12 11:59:25 2023
| Host         : LAPTOP-NVFN7UPG running 64-bit major release  (build 9200)
| Command      : upgrade_ip
| Device       : xc7k325tffg900-2
---------------------------------------------------------------------------------------------------------------------------------------------

Upgrade Log for IP 'DPRAM_W245_R32'

1. Summary
----------

SUCCESS in the upgrade of DPRAM_W245_R32 (xilinx.com:ip:blk_mem_gen:8.4) from (Rev. 5) to (Rev. 6)






Copyright 1986-2022 Xilinx, Inc. All Rights Reserved. Copyright 2022-2023 Advanced Micro Devices, Inc. All Rights Reserved.
---------------------------------------------------------------------------------------------------------------------------------------------
| Tool Version : Vivado v.2023.1 (win64) Build 3865809 Sun May  7 15:05:29 MDT 2023
| Date         : Tue Sep 12 11:59:20 2023
| Host         : LAPTOP-NVFN7UPG running 64-bit major release  (build 9200)
| Command      : upgrade_ip
| Device       : xc7k325tffg900-2
---------------------------------------------------------------------------------------------------------------------------------------------

Upgrade Log for IP 'clk_wiz_0'

1. Summary
----------

SUCCESS in the upgrade of clk_wiz_0 (xilinx.com:ip:clk_wiz:6.0) from (Rev. 11) to (Rev. 12)






Copyright 1986-2022 Xilinx, Inc. All Rights Reserved. Copyright 2022-2023 Advanced Micro Devices, Inc. All Rights Reserved.
---------------------------------------------------------------------------------------------------------------------------------------------
| Tool Version : Vivado v.2023.1 (win64) Build 3865809 Sun May  7 15:05:29 MDT 2023
| Date         : Tue Sep 12 11:50:31 2023
| Host         : LAPTOP-NVFN7UPG running 64-bit major release  (build 9200)
| Command      : upgrade_ip
| Device       : xc7k325tffg900-2
---------------------------------------------------------------------------------------------------------------------------------------------

Upgrade Log for IP 'clk_wiz_1'

1. Summary
----------

SUCCESS in the upgrade of clk_wiz_1 (xilinx.com:ip:clk_wiz:6.0) from (Rev. 11) to (Rev. 12)






Copyright 1986-2022 Xilinx, Inc. All Rights Reserved. Copyright 2022-2023 Advanced Micro Devices, Inc. All Rights Reserved.
---------------------------------------------------------------------------------------------------------------------------------------------
| Tool Version : Vivado v.2023.1 (win64) Build 3865809 Sun May  7 15:05:29 MDT 2023
| Date         : Tue Sep 12 11:50:26 2023
| Host         : LAPTOP-NVFN7UPG running 64-bit major release  (build 9200)
| Command      : upgrade_ip
| Device       : xc7k325tffg900-2
---------------------------------------------------------------------------------------------------------------------------------------------

Upgrade Log for IP 'dpti_clock'

1. Summary
----------

SUCCESS in the upgrade of dpti_clock (xilinx.com:ip:clk_wiz:6.0) from (Rev. 11) to (Rev. 12)

