#-----------------------------------------------------------
# Vivado v2023.2 (64-bit)
# SW Build 4029153 on Fri Oct 13 20:14:34 MDT 2023
# IP Build 4028589 on Sat Oct 14 00:45:43 MDT 2023
# SharedData Build 4025554 on Tue Oct 10 17:18:54 MDT 2023
# Start of session at: Mon Aug  5 10:56:46 2024
# Process ID: 19784
# Current directory: C:/Users/crist/OneDrive/Documentos/GitHub/FPGA-UBB-project/FPGA-Vivado-Project/Genesys2_VideoDemoR1
# Command line: vivado.exe -gui_launcher_event rodinguilauncherevent24200 C:\Users\crist\OneDrive\Documentos\GitHub\FPGA-UBB-project\FPGA-Vivado-Project\Genesys2_VideoDemoR1\Genesys2_VideoDemoR1.xpr
# Log file: C:/Users/crist/OneDrive/Documentos/GitHub/FPGA-UBB-project/FPGA-Vivado-Project/Genesys2_VideoDemoR1/vivado.log
# Journal file: C:/Users/crist/OneDrive/Documentos/GitHub/FPGA-UBB-project/FPGA-Vivado-Project/Genesys2_VideoDemoR1\vivado.jou
# Running On: LAPTOP-RR96MLV1, OS: Windows, CPU Frequency: 2496 MHz, CPU Physical cores: 4, Host memory: 16971 MB
#-----------------------------------------------------------
start_gui
open_project C:/Users/crist/OneDrive/Documentos/GitHub/FPGA-UBB-project/FPGA-Vivado-Project/Genesys2_VideoDemoR1/Genesys2_VideoDemoR1.xpr
INFO: [ProjectBase 1-489] The host OS only allows 260 characters in a normal path. The project is stored in a path with more than 80 characters. If you experience issues with IP, Block Designs, or files not being found, please consider moving the project to a location with a shorter path. Alternately consider using the OS subst command to map part of the path to a drive letter.
Current project path is 'C:/Users/crist/OneDrive/Documentos/GitHub/FPGA-UBB-project/FPGA-Vivado-Project/Genesys2_VideoDemoR1'
WARNING: [Board 49-26] cannot add Board Part xilinx.com:vek280_es:part0:1.0 available at D:/Vivado/2023.2/data/xhub/boards/XilinxBoardStore/boards/Xilinx/vek280/es/rev_a/1.0/board.xml as part xcve2802-vsvh1760-2lp-e-s-es1 specified in board_part file is either invalid or not available
WARNING: [Board 49-26] cannot add Board Part xilinx.com:vek280_es:part0:1.1 available at D:/Vivado/2023.2/data/xhub/boards/XilinxBoardStore/boards/Xilinx/vek280/es/rev_a/1.1/board.xml as part xcve2802-vsvh1760-2lp-e-s-es1 specified in board_part file is either invalid or not available
WARNING: [Board 49-26] cannot add Board Part xilinx.com:vek280_es_revb:part0:1.0 available at D:/Vivado/2023.2/data/xhub/boards/XilinxBoardStore/boards/Xilinx/vek280/es/rev_b/1.0/board.xml as part xcve2802-vsvh1760-2mp-e-s-es1 specified in board_part file is either invalid or not available
WARNING: [Board 49-26] cannot add Board Part xilinx.com:vek280_es_revb:part0:1.1 available at D:/Vivado/2023.2/data/xhub/boards/XilinxBoardStore/boards/Xilinx/vek280/es/rev_b/1.1/board.xml as part xcve2802-vsvh1760-2mp-e-s-es1 specified in board_part file is either invalid or not available
WARNING: [Board 49-26] cannot add Board Part xilinx.com:vhk158_es:part0:1.0 available at D:/Vivado/2023.2/data/xhub/boards/XilinxBoardStore/boards/Xilinx/vhk158/es/1.0/board.xml as part xcvh1582-vsva3697-2mp-e-s-es1 specified in board_part file is either invalid or not available
WARNING: [Board 49-26] cannot add Board Part xilinx.com:vhk158_es:part0:1.1 available at D:/Vivado/2023.2/data/xhub/boards/XilinxBoardStore/boards/Xilinx/vhk158/es/1.1/board.xml as part xcvh1582-vsva3697-2mp-e-s-es1 specified in board_part file is either invalid or not available
WARNING: [Board 49-26] cannot add Board Part xilinx.com:zcu208ld:part0:2.0 available at D:/Vivado/2023.2/data/xhub/boards/XilinxBoardStore/boards/Xilinx/zcu208ld/production/2.0/board.xml as part xczu58dr-fsvg1517-2-i specified in board_part file is either invalid or not available
WARNING: [Board 49-26] cannot add Board Part xilinx.com:zcu216ld:part0:2.0 available at D:/Vivado/2023.2/data/xhub/boards/XilinxBoardStore/boards/Xilinx/zcu216ld/production/2.0/board.xml as part xczu59dr-ffvf1760-2-i specified in board_part file is either invalid or not available
WARNING: [Board 49-26] cannot add Board Part xilinx.com:zcu670:part0:2.0 available at D:/Vivado/2023.2/data/xhub/boards/XilinxBoardStore/boards/Xilinx/zcu670/2.0/board.xml as part xczu67dr-fsve1156-2-i specified in board_part file is either invalid or not available
WARNING: [Board 49-26] cannot add Board Part xilinx.com:zcu670ld:part0:1.0 available at D:/Vivado/2023.2/data/xhub/boards/XilinxBoardStore/boards/Xilinx/zcu670ld/1.0/board.xml as part xczu57dr-fsve1156-2-i specified in board_part file is either invalid or not available
WARNING: [filemgmt 56-3] IP Repository Path: Could not find the directory 'C:/Users/crist/OneDrive/Documentos/Dropbox/PC/Downloads/Genesys2VideoDemo_R1/Genesys2VideoDemo_R1/hdl'.
Scanning sources...
Finished scanning sources
INFO: [IP_Flow 19-234] Refreshing IP repositories
WARNING: [IP_Flow 19-2248] Failed to load user IP repository 'c:/Users/crist/OneDrive/Documentos/Dropbox/PC/Downloads/Genesys2VideoDemo_R1/Genesys2VideoDemo_R1/hdl'; Can't find the specified path.
If this directory should no longer be in your list of user repositories, go to the IP Settings dialog and remove it.
INFO: [IP_Flow 19-2313] Loaded Vivado IP repository 'D:/Vivado/2023.2/data/ip'.
open_project: Time (s): cpu = 00:00:08 ; elapsed = 00:00:12 . Memory (MB): peak = 1608.363 ; gain = 462.438
file mkdir C:/Users/crist/OneDrive/Documentos/GitHub/FPGA-UBB-project/FPGA-Vivado-Project/Genesys2_VideoDemoR1/Genesys2_VideoDemoR1.srcs/sim_1/new
set_property SOURCE_SET sources_1 [get_filesets sim_1]
close [ open C:/Users/crist/OneDrive/Documentos/GitHub/FPGA-UBB-project/FPGA-Vivado-Project/Genesys2_VideoDemoR1/Genesys2_VideoDemoR1.srcs/sim_1/new/Genesys2_VideoDemoR1_TB_Oneshoot.v w ]
add_files -fileset sim_1 C:/Users/crist/OneDrive/Documentos/GitHub/FPGA-UBB-project/FPGA-Vivado-Project/Genesys2_VideoDemoR1/Genesys2_VideoDemoR1.srcs/sim_1/new/Genesys2_VideoDemoR1_TB_Oneshoot.v
WARNING: [filemgmt 56-199] Attempt to get parsing info during refresh. "On-the-fly" syntax checking information may be incorrect. [C:\Users\crist\OneDrive\Documentos\GitHub\FPGA-UBB-project\FPGA-Vivado-Project\srcs\Genesys2_VideoDemoR1.vhd:]
WARNING: [filemgmt 56-199] Attempt to get parsing info during refresh. "On-the-fly" syntax checking information may be incorrect. [C:\Users\crist\OneDrive\Documentos\GitHub\FPGA-UBB-project\FPGA-Vivado-Project\srcs\video_sync_generator.v:]
WARNING: [filemgmt 56-199] Attempt to get parsing info during refresh. "On-the-fly" syntax checking information may be incorrect. [C:\Users\crist\OneDrive\Documentos\GitHub\FPGA-UBB-project\FPGA-Vivado-Project\srcs\OneShoot.v:]
WARNING: [filemgmt 56-199] Attempt to get parsing info during refresh. "On-the-fly" syntax checking information may be incorrect. [C:\Users\crist\OneDrive\Documentos\GitHub\FPGA-UBB-project\FPGA-Vivado-Project\srcs\control_parametros.v:]
WARNING: [filemgmt 56-199] Attempt to get parsing info during refresh. "On-the-fly" syntax checking information may be incorrect. [C:\Users\crist\OneDrive\Documentos\GitHub\FPGA-UBB-project\FPGA-Vivado-Project\srcs\Genesys2_VideoDemoR1.vhd:]
WARNING: [filemgmt 56-199] Attempt to get parsing info during refresh. "On-the-fly" syntax checking information may be incorrect. [C:\Users\crist\OneDrive\Documentos\GitHub\FPGA-UBB-project\FPGA-Vivado-Project\srcs\video_sync_generator.v:]
WARNING: [filemgmt 56-199] Attempt to get parsing info during refresh. "On-the-fly" syntax checking information may be incorrect. [C:\Users\crist\OneDrive\Documentos\GitHub\FPGA-UBB-project\FPGA-Vivado-Project\srcs\OneShoot.v:]
WARNING: [filemgmt 56-199] Attempt to get parsing info during refresh. "On-the-fly" syntax checking information may be incorrect. [C:\Users\crist\OneDrive\Documentos\GitHub\FPGA-UBB-project\FPGA-Vivado-Project\srcs\control_parametros.v:]
ERROR: [Common 17-180] Spawn failed: No error
